  baseEnnemi.cpp
C:\Users\sbrossard\source\repos\Mishy0485\Shoot\Shmup\Shmup\baseEnnemi.cpp(7,31): warning C4244: 'argument' : conversion de 'int' en 'float', perte possible de données
C:\Users\sbrossard\source\repos\Mishy0485\Shoot\Shmup\Shmup\baseEnnemi.cpp(7,28): warning C4244: 'argument' : conversion de 'int' en 'float', perte possible de données
C:\Users\sbrossard\source\repos\Mishy0485\Shoot\Shmup\Shmup\baseEnnemi.cpp(15,33): warning C4244: '=' : conversion de 'const T' en 'int', perte possible de données
          with
          [
              T=float
          ]
C:\Users\sbrossard\source\repos\Mishy0485\Shoot\Shmup\Shmup\baseEnnemi.cpp(36,94): warning C4244: 'argument' : conversion de 'const T' en 'int', perte possible de données
          with
          [
              T=float
          ]
C:\Users\sbrossard\source\repos\Mishy0485\Shoot\Shmup\Shmup\baseEnnemi.cpp(36,63): warning C4244: 'argument' : conversion de 'const T' en 'int', perte possible de données
          with
          [
              T=float
          ]
  jeu.cpp
  Génération de code en cours
  5 of 223 functions ( 2.2%) were compiled, the rest were copied from previous compilation.
    1 functions were new in current compilation
    0 functions had inline decision re-evaluated but remain unchanged
  Fin de la génération du code
projectile.obj : warning LNK4020: un enregistrement de type dans '' est endommagé ; certains symboles et types ne sont peut-être pas accessibles à partir du débogueur
sfml-graphics.lib(sfml-graphics-2.dll) : warning LNK4020: un enregistrement de type dans '' est endommagé ; certains symboles et types ne sont peut-être pas accessibles à partir du débogueur
sfml-graphics.lib(sfml-graphics-2.dll) : warning LNK4020: un enregistrement de type dans '' est endommagé ; certains symboles et types ne sont peut-être pas accessibles à partir du débogueur
  Shmup.vcxproj -> C:\Users\sbrossard\Source\Repos\Mishy0485\Shoot\Shmup\x64\Release\Shmup.exe
